{"C:\\Users\\Admin\\Desktop\\rs_school\\my public repo\\react--search-engine\\src\\App.tsx": {"path":"C:\\Users\\Admin\\Desktop\\rs_school\\my public repo\\react--search-engine\\src\\App.tsx","statementMap":{"0":{"start":{"line":35,"column":14},"end":{"line":91,"column":null}},"1":{"start":{"line":95,"column":2},"end":{"line":98,"column":null}},"2":{"start":{"line":101,"column":2},"end":{"line":116,"column":null}},"3":{"start":{"line":21,"column":4},"end":{"line":21,"column":null}},"4":{"start":{"line":23,"column":4},"end":{"line":28,"column":null}},"5":{"start":{"line":32,"column":4},"end":{"line":32,"column":null}},"6":{"start":{"line":36,"column":4},"end":{"line":39,"column":null}},"7":{"start":{"line":41,"column":20},"end":{"line":41,"column":48}},"8":{"start":{"line":43,"column":4},"end":{"line":91,"column":null}},"9":{"start":{"line":44,"column":18},"end":{"line":46,"column":null}},"10":{"start":{"line":48,"column":23},"end":{"line":48,"column":39}},"11":{"start":{"line":50,"column":6},"end":{"line":51,"column":null}},"12":{"start":{"line":51,"column":8},"end":{"line":51,"column":null}},"13":{"start":{"line":54,"column":19},"end":{"line":54,"column":40}},"14":{"start":{"line":56,"column":6},"end":{"line":84,"column":null}},"15":{"start":{"line":57,"column":25},"end":{"line":67,"column":null}},"16":{"start":{"line":59,"column":24},"end":{"line":59,"column":48}},"17":{"start":{"line":60,"column":32},"end":{"line":60,"column":48}},"18":{"start":{"line":62,"column":12},"end":{"line":66,"column":null}},"19":{"start":{"line":70,"column":8},"end":{"line":73,"column":null}},"20":{"start":{"line":75,"column":8},"end":{"line":84,"column":null}},"21":{"start":{"line":87,"column":6},"end":{"line":91,"column":null}},"22":{"start":{"line":96,"column":4},"end":{"line":98,"column":null}},"23":{"start":{"line":102,"column":20},"end":{"line":102,"column":48}},"24":{"start":{"line":103,"column":18},"end":{"line":103,"column":53}},"25":{"start":{"line":105,"column":4},"end":{"line":106,"column":null}},"26":{"start":{"line":106,"column":6},"end":{"line":106,"column":null}},"27":{"start":{"line":109,"column":4},"end":{"line":109,"column":null}},"28":{"start":{"line":111,"column":4},"end":{"line":116,"column":null}},"29":{"start":{"line":120,"column":54},"end":{"line":120,"column":null}},"30":{"start":{"line":122,"column":4},"end":{"line":159,"column":null}}},"fnMap":{"0":{"name":"(anonymous_0)","decl":{"start":{"line":20,"column":2},"end":{"line":20,"column":14}},"loc":{"start":{"line":20,"column":29},"end":{"line":28,"column":null}},"line":20},"1":{"name":"(anonymous_1)","decl":{"start":{"line":31,"column":2},"end":{"line":31,"column":28}},"loc":{"start":{"line":31,"column":28},"end":{"line":32,"column":null}},"line":31},"2":{"name":"(anonymous_2)","decl":{"start":{"line":35,"column":14},"end":{"line":35,"column":41}},"loc":{"start":{"line":35,"column":41},"end":{"line":91,"column":null}},"line":35},"3":{"name":"(anonymous_3)","decl":{"start":{"line":58,"column":27},"end":{"line":58,"column":34}},"loc":{"start":{"line":58,"column":77},"end":{"line":67,"column":null}},"line":58},"4":{"name":"(anonymous_4)","decl":{"start":{"line":95,"column":2},"end":{"line":95,"column":23}},"loc":{"start":{"line":95,"column":47},"end":{"line":98,"column":null}},"line":95},"5":{"name":"(anonymous_5)","decl":{"start":{"line":101,"column":2},"end":{"line":101,"column":29}},"loc":{"start":{"line":101,"column":29},"end":{"line":116,"column":null}},"line":101},"6":{"name":"(anonymous_6)","decl":{"start":{"line":119,"column":2},"end":{"line":119,"column":11}},"loc":{"start":{"line":119,"column":11},"end":{"line":159,"column":null}},"line":119}},"branchMap":{"0":{"loc":{"start":{"line":24,"column":18},"end":{"line":24,"column":null}},"type":"binary-expr","locations":[{"start":{"line":24,"column":18},"end":{"line":24,"column":53}},{"start":{"line":24,"column":57},"end":{"line":24,"column":null}}],"line":24},"1":{"loc":{"start":{"line":44,"column":18},"end":{"line":46,"column":null}},"type":"cond-expr","locations":[{"start":{"line":45,"column":10},"end":{"line":45,"column":null}},{"start":{"line":46,"column":10},"end":{"line":46,"column":null}}],"line":44},"2":{"loc":{"start":{"line":50,"column":6},"end":{"line":51,"column":null}},"type":"if","locations":[{"start":{"line":50,"column":6},"end":{"line":51,"column":null}},{"start":{},"end":{}}],"line":50},"3":{"loc":{"start":{"line":56,"column":6},"end":{"line":84,"column":null}},"type":"if","locations":[{"start":{"line":56,"column":6},"end":{"line":84,"column":null}},{"start":{"line":74,"column":13},"end":{"line":84,"column":null}}],"line":56},"4":{"loc":{"start":{"line":105,"column":4},"end":{"line":106,"column":null}},"type":"if","locations":[{"start":{"line":105,"column":4},"end":{"line":106,"column":null}},{"start":{},"end":{}}],"line":105}},"s":{"0":4,"1":1,"2":2,"3":3,"4":3,"5":3,"6":4,"7":4,"8":4,"9":4,"10":4,"11":4,"12":1,"13":3,"14":3,"15":1,"16":1,"17":1,"18":1,"19":1,"20":2,"21":1,"22":1,"23":2,"24":2,"25":2,"26":1,"27":1,"28":1,"29":11,"30":11},"f":{"0":3,"1":3,"2":4,"3":1,"4":1,"5":2,"6":11},"b":{"0":[3,2],"1":[2,2],"2":[1,3],"3":[1,2],"4":[1,1]},"meta":{"lastBranch":5,"lastFunction":7,"lastStatement":31,"seen":{"s:35:14:91:Infinity":0,"s:95:2:98:Infinity":1,"s:101:2:116:Infinity":2,"f:20:2:20:14":0,"s:21:4:21:Infinity":3,"s:23:4:28:Infinity":4,"b:24:18:24:53:24:57:24:Infinity":0,"f:31:2:31:28":1,"s:32:4:32:Infinity":5,"f:35:14:35:41":2,"s:36:4:39:Infinity":6,"s:41:20:41:48":7,"s:43:4:91:Infinity":8,"s:44:18:46:Infinity":9,"b:45:10:45:Infinity:46:10:46:Infinity":1,"s:48:23:48:39":10,"b:50:6:51:Infinity:undefined:undefined:undefined:undefined":2,"s:50:6:51:Infinity":11,"s:51:8:51:Infinity":12,"s:54:19:54:40":13,"b:56:6:84:Infinity:74:13:84:Infinity":3,"s:56:6:84:Infinity":14,"s:57:25:67:Infinity":15,"f:58:27:58:34":3,"s:59:24:59:48":16,"s:60:32:60:48":17,"s:62:12:66:Infinity":18,"s:70:8:73:Infinity":19,"s:75:8:84:Infinity":20,"s:87:6:91:Infinity":21,"f:95:2:95:23":4,"s:96:4:98:Infinity":22,"f:101:2:101:29":5,"s:102:20:102:48":23,"s:103:18:103:53":24,"b:105:4:106:Infinity:undefined:undefined:undefined:undefined":4,"s:105:4:106:Infinity":25,"s:106:6:106:Infinity":26,"s:109:4:109:Infinity":27,"s:111:4:116:Infinity":28,"f:119:2:119:11":6,"s:120:54:120:Infinity":29,"s:122:4:159:Infinity":30}}}
,"C:\\Users\\Admin\\Desktop\\rs_school\\my public repo\\react--search-engine\\src\\components\\ErrorBoundary.tsx": {"path":"C:\\Users\\Admin\\Desktop\\rs_school\\my public repo\\react--search-engine\\src\\components\\ErrorBoundary.tsx","statementMap":{"0":{"start":{"line":14,"column":4},"end":{"line":14,"column":null}},"1":{"start":{"line":16,"column":4},"end":{"line":18,"column":null}},"2":{"start":{"line":22,"column":4},"end":{"line":24,"column":null}},"3":{"start":{"line":28,"column":4},"end":{"line":28,"column":null}},"4":{"start":{"line":32,"column":4},"end":{"line":41,"column":null}},"5":{"start":{"line":33,"column":6},"end":{"line":41,"column":null}},"6":{"start":{"line":45,"column":4},"end":{"line":45,"column":null}}},"fnMap":{"0":{"name":"(anonymous_0)","decl":{"start":{"line":13,"column":2},"end":{"line":13,"column":14}},"loc":{"start":{"line":13,"column":28},"end":{"line":18,"column":null}},"line":13},"1":{"name":"(anonymous_1)","decl":{"start":{"line":21,"column":9},"end":{"line":21,"column":43}},"loc":{"start":{"line":21,"column":43},"end":{"line":24,"column":null}},"line":21},"2":{"name":"(anonymous_2)","decl":{"start":{"line":27,"column":2},"end":{"line":27,"column":20}},"loc":{"start":{"line":27,"column":62},"end":{"line":28,"column":null}},"line":27},"3":{"name":"(anonymous_3)","decl":{"start":{"line":31,"column":2},"end":{"line":31,"column":11}},"loc":{"start":{"line":31,"column":11},"end":{"line":45,"column":null}},"line":31}},"branchMap":{"0":{"loc":{"start":{"line":32,"column":4},"end":{"line":41,"column":null}},"type":"if","locations":[{"start":{"line":32,"column":4},"end":{"line":41,"column":null}},{"start":{},"end":{}}],"line":32}},"s":{"0":3,"1":3,"2":2,"3":1,"4":4,"5":2,"6":2},"f":{"0":3,"1":1,"2":1,"3":4},"b":{"0":[2,2]},"meta":{"lastBranch":1,"lastFunction":4,"lastStatement":7,"seen":{"f:13:2:13:14":0,"s:14:4:14:Infinity":0,"s:16:4:18:Infinity":1,"f:21:9:21:43":1,"s:22:4:24:Infinity":2,"f:27:2:27:20":2,"s:28:4:28:Infinity":3,"f:31:2:31:11":3,"b:32:4:41:Infinity:undefined:undefined:undefined:undefined":0,"s:32:4:41:Infinity":4,"s:33:6:41:Infinity":5,"s:45:4:45:Infinity":6}}}
,"C:\\Users\\Admin\\Desktop\\rs_school\\my public repo\\react--search-engine\\src\\components\\ErrorFallback.tsx": {"path":"C:\\Users\\Admin\\Desktop\\rs_school\\my public repo\\react--search-engine\\src\\components\\ErrorFallback.tsx","statementMap":{"0":{"start":{"line":5,"column":4},"end":{"line":13,"column":null}}},"fnMap":{"0":{"name":"(anonymous_0)","decl":{"start":{"line":4,"column":2},"end":{"line":4,"column":11}},"loc":{"start":{"line":4,"column":11},"end":{"line":13,"column":null}},"line":4}},"branchMap":{},"s":{"0":0},"f":{"0":0},"b":{},"meta":{"lastBranch":0,"lastFunction":1,"lastStatement":1,"seen":{"f:4:2:4:11":0,"s:5:4:13:Infinity":0}}}
,"C:\\Users\\Admin\\Desktop\\rs_school\\my public repo\\react--search-engine\\src\\components\\Loader.tsx": {"path":"C:\\Users\\Admin\\Desktop\\rs_school\\my public repo\\react--search-engine\\src\\components\\Loader.tsx","statementMap":{"0":{"start":{"line":5,"column":4},"end":{"line":5,"column":null}}},"fnMap":{"0":{"name":"(anonymous_0)","decl":{"start":{"line":4,"column":2},"end":{"line":4,"column":11}},"loc":{"start":{"line":4,"column":11},"end":{"line":5,"column":null}},"line":4}},"branchMap":{},"s":{"0":7},"f":{"0":7},"b":{},"meta":{"lastBranch":0,"lastFunction":1,"lastStatement":1,"seen":{"f:4:2:4:11":0,"s:5:4:5:Infinity":0}}}
,"C:\\Users\\Admin\\Desktop\\rs_school\\my public repo\\react--search-engine\\src\\components\\PokemonCard.tsx": {"path":"C:\\Users\\Admin\\Desktop\\rs_school\\my public repo\\react--search-engine\\src\\components\\PokemonCard.tsx","statementMap":{"0":{"start":{"line":10,"column":24},"end":{"line":10,"column":null}},"1":{"start":{"line":12,"column":4},"end":{"line":26,"column":null}}},"fnMap":{"0":{"name":"(anonymous_0)","decl":{"start":{"line":9,"column":2},"end":{"line":9,"column":11}},"loc":{"start":{"line":9,"column":11},"end":{"line":26,"column":null}},"line":9}},"branchMap":{},"s":{"0":4,"1":4},"f":{"0":4},"b":{},"meta":{"lastBranch":0,"lastFunction":1,"lastStatement":2,"seen":{"f:9:2:9:11":0,"s:10:24:10:Infinity":0,"s:12:4:26:Infinity":1}}}
,"C:\\Users\\Admin\\Desktop\\rs_school\\my public repo\\react--search-engine\\src\\components\\Results.tsx": {"path":"C:\\Users\\Admin\\Desktop\\rs_school\\my public repo\\react--search-engine\\src\\components\\Results.tsx","statementMap":{"0":{"start":{"line":14,"column":42},"end":{"line":14,"column":null}},"1":{"start":{"line":16,"column":4},"end":{"line":17,"column":null}},"2":{"start":{"line":17,"column":6},"end":{"line":17,"column":null}},"3":{"start":{"line":20,"column":4},"end":{"line":28,"column":null}},"4":{"start":{"line":21,"column":6},"end":{"line":28,"column":null}},"5":{"start":{"line":32,"column":4},"end":{"line":43,"column":null}},"6":{"start":{"line":41,"column":10},"end":{"line":41,"column":null}}},"fnMap":{"0":{"name":"(anonymous_0)","decl":{"start":{"line":13,"column":2},"end":{"line":13,"column":11}},"loc":{"start":{"line":13,"column":11},"end":{"line":43,"column":null}},"line":13},"1":{"name":"(anonymous_1)","decl":{"start":{"line":40,"column":17},"end":{"line":40,"column":22}},"loc":{"start":{"line":41,"column":10},"end":{"line":41,"column":null}},"line":41}},"branchMap":{"0":{"loc":{"start":{"line":16,"column":4},"end":{"line":17,"column":null}},"type":"if","locations":[{"start":{"line":16,"column":4},"end":{"line":17,"column":null}},{"start":{},"end":{}}],"line":16},"1":{"loc":{"start":{"line":20,"column":4},"end":{"line":28,"column":null}},"type":"if","locations":[{"start":{"line":20,"column":4},"end":{"line":28,"column":null}},{"start":{},"end":{}}],"line":20}},"s":{"0":14,"1":14,"2":7,"3":7,"4":2,"5":5,"6":3},"f":{"0":14,"1":3},"b":{"0":[7,7],"1":[2,5]},"meta":{"lastBranch":2,"lastFunction":2,"lastStatement":7,"seen":{"f:13:2:13:11":0,"s:14:42:14:Infinity":0,"b:16:4:17:Infinity:undefined:undefined:undefined:undefined":0,"s:16:4:17:Infinity":1,"s:17:6:17:Infinity":2,"b:20:4:28:Infinity:undefined:undefined:undefined:undefined":1,"s:20:4:28:Infinity":3,"s:21:6:28:Infinity":4,"s:32:4:43:Infinity":5,"f:40:17:40:22":1,"s:41:10:41:Infinity":6}}}
,"C:\\Users\\Admin\\Desktop\\rs_school\\my public repo\\react--search-engine\\src\\components\\Search.tsx": {"path":"C:\\Users\\Admin\\Desktop\\rs_school\\my public repo\\react--search-engine\\src\\components\\Search.tsx","statementMap":{"0":{"start":{"line":10,"column":2},"end":{"line":12,"column":null}},"1":{"start":{"line":11,"column":4},"end":{"line":12,"column":null}},"2":{"start":{"line":12,"column":6},"end":{"line":12,"column":null}},"3":{"start":{"line":17,"column":42},"end":{"line":17,"column":null}},"4":{"start":{"line":19,"column":4},"end":{"line":38,"column":null}},"5":{"start":{"line":30,"column":27},"end":{"line":30,"column":51}}},"fnMap":{"0":{"name":"(anonymous_0)","decl":{"start":{"line":10,"column":2},"end":{"line":10,"column":19}},"loc":{"start":{"line":10,"column":68},"end":{"line":12,"column":null}},"line":10},"1":{"name":"(anonymous_1)","decl":{"start":{"line":16,"column":2},"end":{"line":16,"column":11}},"loc":{"start":{"line":16,"column":11},"end":{"line":38,"column":null}},"line":16},"2":{"name":"(anonymous_2)","decl":{"start":{"line":30,"column":10},"end":{"line":30,"column":21}},"loc":{"start":{"line":30,"column":27},"end":{"line":30,"column":51}},"line":30}},"branchMap":{"0":{"loc":{"start":{"line":11,"column":4},"end":{"line":12,"column":null}},"type":"if","locations":[{"start":{"line":11,"column":4},"end":{"line":12,"column":null}},{"start":{},"end":{}}],"line":11}},"s":{"0":1,"1":1,"2":1,"3":15,"4":15,"5":2},"f":{"0":1,"1":15,"2":2},"b":{"0":[1,0]},"meta":{"lastBranch":1,"lastFunction":3,"lastStatement":6,"seen":{"s:10:2:12:Infinity":0,"f:10:2:10:19":0,"b:11:4:12:Infinity:undefined:undefined:undefined:undefined":0,"s:11:4:12:Infinity":1,"s:12:6:12:Infinity":2,"f:16:2:16:11":1,"s:17:42:17:Infinity":3,"s:19:4:38:Infinity":4,"f:30:10:30:21":2,"s:30:27:30:51":5}}}
,"C:\\Users\\Admin\\Desktop\\rs_school\\my public repo\\react--search-engine\\src\\components\\TestErrorButton.tsx": {"path":"C:\\Users\\Admin\\Desktop\\rs_school\\my public repo\\react--search-engine\\src\\components\\TestErrorButton.tsx","statementMap":{"0":{"start":{"line":16,"column":2},"end":{"line":19,"column":null}},"1":{"start":{"line":9,"column":4},"end":{"line":9,"column":null}},"2":{"start":{"line":11,"column":4},"end":{"line":13,"column":null}},"3":{"start":{"line":17,"column":4},"end":{"line":19,"column":null}},"4":{"start":{"line":23,"column":4},"end":{"line":24,"column":null}},"5":{"start":{"line":24,"column":6},"end":{"line":24,"column":null}},"6":{"start":{"line":27,"column":4},"end":{"line":44,"column":null}}},"fnMap":{"0":{"name":"(anonymous_0)","decl":{"start":{"line":8,"column":2},"end":{"line":8,"column":14}},"loc":{"start":{"line":8,"column":29},"end":{"line":13,"column":null}},"line":8},"1":{"name":"(anonymous_1)","decl":{"start":{"line":16,"column":2},"end":{"line":16,"column":28}},"loc":{"start":{"line":16,"column":28},"end":{"line":19,"column":null}},"line":16},"2":{"name":"(anonymous_2)","decl":{"start":{"line":22,"column":2},"end":{"line":22,"column":11}},"loc":{"start":{"line":22,"column":11},"end":{"line":44,"column":null}},"line":22}},"branchMap":{"0":{"loc":{"start":{"line":23,"column":4},"end":{"line":24,"column":null}},"type":"if","locations":[{"start":{"line":23,"column":4},"end":{"line":24,"column":null}},{"start":{},"end":{}}],"line":23}},"s":{"0":1,"1":5,"2":5,"3":1,"4":14,"5":2,"6":12},"f":{"0":5,"1":1,"2":14},"b":{"0":[2,12]},"meta":{"lastBranch":1,"lastFunction":3,"lastStatement":7,"seen":{"s:16:2:19:Infinity":0,"f:8:2:8:14":0,"s:9:4:9:Infinity":1,"s:11:4:13:Infinity":2,"f:16:2:16:28":1,"s:17:4:19:Infinity":3,"f:22:2:22:11":2,"b:23:4:24:Infinity:undefined:undefined:undefined:undefined":0,"s:23:4:24:Infinity":4,"s:24:6:24:Infinity":5,"s:27:4:44:Infinity":6}}}
}
